{"C:\\Users\\Lenovo\\OneDrive - iiitdwd.ac.in\\Desktop\\PRJ_1211\\server\\controllers\\analyticsController.js": {"path":"C:\\Users\\Lenovo\\OneDrive - iiitdwd.ac.in\\Desktop\\PRJ_1211\\server\\controllers\\analyticsController.js","statementMap":{"0":{"start":{"line":1,"column":18},"end":{"line":1,"column":48}},"1":{"start":{"line":2,"column":12},"end":{"line":2,"column":36}},"2":{"start":{"line":3,"column":13},"end":{"line":3,"column":38}},"3":{"start":{"line":4,"column":31},"end":{"line":4,"column":57}},"4":{"start":{"line":9,"column":30},"end":{"line":214,"column":1}},"5":{"start":{"line":10,"column":2},"end":{"line":213,"column":3}},"6":{"start":{"line":11,"column":35},"end":{"line":11,"column":44}},"7":{"start":{"line":12,"column":21},"end":{"line":12,"column":66}},"8":{"start":{"line":15,"column":19},"end":{"line":15,"column":43}},"9":{"start":{"line":16,"column":4},"end":{"line":21,"column":5}},"10":{"start":{"line":17,"column":6},"end":{"line":20,"column":9}},"11":{"start":{"line":24,"column":23},"end":{"line":24,"column":25}},"12":{"start":{"line":25,"column":4},"end":{"line":29,"column":5}},"13":{"start":{"line":26,"column":6},"end":{"line":26,"column":32}},"14":{"start":{"line":27,"column":6},"end":{"line":27,"column":69}},"15":{"start":{"line":27,"column":21},"end":{"line":27,"column":69}},"16":{"start":{"line":28,"column":6},"end":{"line":28,"column":65}},"17":{"start":{"line":28,"column":19},"end":{"line":28,"column":65}},"18":{"start":{"line":32,"column":27},"end":{"line":35,"column":6}},"19":{"start":{"line":38,"column":26},"end":{"line":41,"column":6}},"20":{"start":{"line":44,"column":30},"end":{"line":47,"column":6}},"21":{"start":{"line":50,"column":28},"end":{"line":53,"column":6}},"22":{"start":{"line":56,"column":35},"end":{"line":59,"column":6}},"23":{"start":{"line":62,"column":27},"end":{"line":65,"column":6}},"24":{"start":{"line":68,"column":27},"end":{"line":107,"column":6}},"25":{"start":{"line":110,"column":31},"end":{"line":149,"column":6}},"26":{"start":{"line":152,"column":26},"end":{"line":152,"column":36}},"27":{"start":{"line":153,"column":4},"end":{"line":153,"column":56}},"28":{"start":{"line":155,"column":23},"end":{"line":180,"column":6}},"29":{"start":{"line":183,"column":23},"end":{"line":183,"column":68}},"30":{"start":{"line":186,"column":22},"end":{"line":186,"column":66}},"31":{"start":{"line":188,"column":26},"end":{"line":202,"column":5}},"32":{"start":{"line":205,"column":4},"end":{"line":205,"column":49}},"33":{"start":{"line":207,"column":4},"end":{"line":210,"column":7}},"34":{"start":{"line":212,"column":4},"end":{"line":212,"column":16}},"35":{"start":{"line":219,"column":29},"end":{"line":246,"column":1}},"36":{"start":{"line":220,"column":2},"end":{"line":245,"column":3}},"37":{"start":{"line":221,"column":25},"end":{"line":221,"column":35}},"38":{"start":{"line":222,"column":4},"end":{"line":222,"column":59}},"39":{"start":{"line":224,"column":24},"end":{"line":226,"column":6}},"40":{"start":{"line":228,"column":27},"end":{"line":234,"column":16}},"41":{"start":{"line":236,"column":4},"end":{"line":242,"column":7}},"42":{"start":{"line":244,"column":4},"end":{"line":244,"column":16}},"43":{"start":{"line":248,"column":0},"end":{"line":251,"column":2}}},"fnMap":{"0":{"name":"(anonymous_0)","decl":{"start":{"line":9,"column":30},"end":{"line":9,"column":31}},"loc":{"start":{"line":9,"column":56},"end":{"line":214,"column":1}},"line":9},"1":{"name":"(anonymous_1)","decl":{"start":{"line":219,"column":29},"end":{"line":219,"column":30}},"loc":{"start":{"line":219,"column":55},"end":{"line":246,"column":1}},"line":219}},"branchMap":{"0":{"loc":{"start":{"line":16,"column":4},"end":{"line":21,"column":5}},"type":"if","locations":[{"start":{"line":16,"column":4},"end":{"line":21,"column":5}},{"start":{},"end":{}}],"line":16},"1":{"loc":{"start":{"line":25,"column":4},"end":{"line":29,"column":5}},"type":"if","locations":[{"start":{"line":25,"column":4},"end":{"line":29,"column":5}},{"start":{},"end":{}}],"line":25},"2":{"loc":{"start":{"line":25,"column":8},"end":{"line":25,"column":28}},"type":"binary-expr","locations":[{"start":{"line":25,"column":8},"end":{"line":25,"column":17}},{"start":{"line":25,"column":21},"end":{"line":25,"column":28}}],"line":25},"3":{"loc":{"start":{"line":27,"column":6},"end":{"line":27,"column":69}},"type":"if","locations":[{"start":{"line":27,"column":6},"end":{"line":27,"column":69}},{"start":{},"end":{}}],"line":27},"4":{"loc":{"start":{"line":28,"column":6},"end":{"line":28,"column":65}},"type":"if","locations":[{"start":{"line":28,"column":6},"end":{"line":28,"column":65}},{"start":{},"end":{}}],"line":28}},"s":{"0":4,"1":4,"2":4,"3":4,"4":4,"5":0,"6":0,"7":0,"8":0,"9":0,"10":0,"11":0,"12":0,"13":0,"14":0,"15":0,"16":0,"17":0,"18":0,"19":0,"20":0,"21":0,"22":0,"23":0,"24":0,"25":0,"26":0,"27":0,"28":0,"29":0,"30":0,"31":0,"32":0,"33":0,"34":0,"35":4,"36":0,"37":0,"38":0,"39":0,"40":0,"41":0,"42":0,"43":4},"f":{"0":0,"1":0},"b":{"0":[0,0],"1":[0,0],"2":[0,0],"3":[0,0],"4":[0,0]},"_coverageSchema":"1a1c01bbd47fc00a2c39e90264f33305004495a9","hash":"e895f21dd7ff9e96e4c55e1e5c89a2404e546517"}
,"C:\\Users\\Lenovo\\OneDrive - iiitdwd.ac.in\\Desktop\\PRJ_1211\\server\\controllers\\authController.js": {"path":"C:\\Users\\Lenovo\\OneDrive - iiitdwd.ac.in\\Desktop\\PRJ_1211\\server\\controllers\\authController.js","statementMap":{"0":{"start":{"line":1,"column":13},"end":{"line":1,"column":38}},"1":{"start":{"line":2,"column":18},"end":{"line":2,"column":48}},"2":{"start":{"line":3,"column":22},"end":{"line":3,"column":55}},"3":{"start":{"line":4,"column":21},"end":{"line":4,"column":47}},"4":{"start":{"line":7,"column":17},"end":{"line":7,"column":26}},"5":{"start":{"line":10,"column":20},"end":{"line":12,"column":1}},"6":{"start":{"line":11,"column":2},"end":{"line":11,"column":64}},"7":{"start":{"line":17,"column":16},"end":{"line":87,"column":1}},"8":{"start":{"line":18,"column":2},"end":{"line":86,"column":3}},"9":{"start":{"line":19,"column":22},"end":{"line":19,"column":30}},"10":{"start":{"line":21,"column":4},"end":{"line":26,"column":5}},"11":{"start":{"line":22,"column":6},"end":{"line":25,"column":9}},"12":{"start":{"line":29,"column":4},"end":{"line":34,"column":5}},"13":{"start":{"line":30,"column":6},"end":{"line":33,"column":9}},"14":{"start":{"line":37,"column":16},"end":{"line":37,"column":29}},"15":{"start":{"line":40,"column":4},"end":{"line":43,"column":7}},"16":{"start":{"line":46,"column":18},"end":{"line":46,"column":23}},"17":{"start":{"line":48,"column":4},"end":{"line":76,"column":5}},"18":{"start":{"line":50,"column":6},"end":{"line":62,"column":7}},"19":{"start":{"line":51,"column":23},"end":{"line":51,"column":40}},"20":{"start":{"line":52,"column":23},"end":{"line":52,"column":92}},"21":{"start":{"line":54,"column":8},"end":{"line":58,"column":11}},"22":{"start":{"line":60,"column":8},"end":{"line":60,"column":53}},"23":{"start":{"line":61,"column":8},"end":{"line":61,"column":23}},"24":{"start":{"line":65,"column":6},"end":{"line":70,"column":7}},"25":{"start":{"line":66,"column":8},"end":{"line":66,"column":43}},"26":{"start":{"line":67,"column":8},"end":{"line":67,"column":51}},"27":{"start":{"line":68,"column":8},"end":{"line":68,"column":46}},"28":{"start":{"line":69,"column":8},"end":{"line":69,"column":43}},"29":{"start":{"line":72,"column":6},"end":{"line":72,"column":61}},"30":{"start":{"line":73,"column":6},"end":{"line":73,"column":41}},"31":{"start":{"line":74,"column":6},"end":{"line":74,"column":58}},"32":{"start":{"line":75,"column":6},"end":{"line":75,"column":41}},"33":{"start":{"line":78,"column":4},"end":{"line":83,"column":7}},"34":{"start":{"line":85,"column":4},"end":{"line":85,"column":16}},"35":{"start":{"line":92,"column":18},"end":{"line":140,"column":1}},"36":{"start":{"line":93,"column":2},"end":{"line":139,"column":3}},"37":{"start":{"line":94,"column":27},"end":{"line":94,"column":35}},"38":{"start":{"line":96,"column":4},"end":{"line":101,"column":5}},"39":{"start":{"line":97,"column":6},"end":{"line":100,"column":9}},"40":{"start":{"line":103,"column":22},"end":{"line":103,"column":41}},"41":{"start":{"line":105,"column":4},"end":{"line":110,"column":5}},"42":{"start":{"line":106,"column":6},"end":{"line":109,"column":9}},"43":{"start":{"line":112,"column":4},"end":{"line":118,"column":5}},"44":{"start":{"line":113,"column":6},"end":{"line":113,"column":29}},"45":{"start":{"line":114,"column":6},"end":{"line":117,"column":9}},"46":{"start":{"line":120,"column":4},"end":{"line":125,"column":5}},"47":{"start":{"line":121,"column":6},"end":{"line":124,"column":9}},"48":{"start":{"line":128,"column":4},"end":{"line":131,"column":7}},"49":{"start":{"line":133,"column":4},"end":{"line":136,"column":7}},"50":{"start":{"line":138,"column":4},"end":{"line":138,"column":16}},"51":{"start":{"line":145,"column":17},"end":{"line":213,"column":1}},"52":{"start":{"line":146,"column":2},"end":{"line":212,"column":3}},"53":{"start":{"line":147,"column":51},"end":{"line":147,"column":59}},"54":{"start":{"line":150,"column":22},"end":{"line":150,"column":41}},"55":{"start":{"line":151,"column":4},"end":{"line":156,"column":5}},"56":{"start":{"line":152,"column":6},"end":{"line":155,"column":9}},"57":{"start":{"line":159,"column":23},"end":{"line":159,"column":52}},"58":{"start":{"line":160,"column":4},"end":{"line":165,"column":5}},"59":{"start":{"line":161,"column":6},"end":{"line":164,"column":9}},"60":{"start":{"line":168,"column":17},"end":{"line":173,"column":6}},"61":{"start":{"line":176,"column":4},"end":{"line":176,"column":27}},"62":{"start":{"line":178,"column":18},"end":{"line":178,"column":41}},"63":{"start":{"line":181,"column":4},"end":{"line":181,"column":47}},"64":{"start":{"line":184,"column":4},"end":{"line":195,"column":7}},"65":{"start":{"line":185,"column":6},"end":{"line":194,"column":7}},"66":{"start":{"line":186,"column":8},"end":{"line":191,"column":11}},"67":{"start":{"line":193,"column":8},"end":{"line":193,"column":49}},"68":{"start":{"line":197,"column":4},"end":{"line":209,"column":7}},"69":{"start":{"line":211,"column":4},"end":{"line":211,"column":16}},"70":{"start":{"line":218,"column":14},"end":{"line":292,"column":1}},"71":{"start":{"line":219,"column":2},"end":{"line":291,"column":3}},"72":{"start":{"line":220,"column":32},"end":{"line":220,"column":40}},"73":{"start":{"line":223,"column":4},"end":{"line":228,"column":5}},"74":{"start":{"line":224,"column":6},"end":{"line":227,"column":9}},"75":{"start":{"line":231,"column":17},"end":{"line":231,"column":66}},"76":{"start":{"line":233,"column":4},"end":{"line":238,"column":5}},"77":{"start":{"line":234,"column":6},"end":{"line":237,"column":9}},"78":{"start":{"line":241,"column":20},"end":{"line":241,"column":56}},"79":{"start":{"line":243,"column":4},"end":{"line":248,"column":5}},"80":{"start":{"line":244,"column":6},"end":{"line":247,"column":9}},"81":{"start":{"line":250,"column":4},"end":{"line":255,"column":5}},"82":{"start":{"line":251,"column":6},"end":{"line":254,"column":9}},"83":{"start":{"line":257,"column":18},"end":{"line":257,"column":41}},"84":{"start":{"line":260,"column":4},"end":{"line":260,"column":47}},"85":{"start":{"line":263,"column":4},"end":{"line":274,"column":7}},"86":{"start":{"line":264,"column":6},"end":{"line":273,"column":7}},"87":{"start":{"line":265,"column":8},"end":{"line":270,"column":11}},"88":{"start":{"line":272,"column":8},"end":{"line":272,"column":49}},"89":{"start":{"line":276,"column":4},"end":{"line":288,"column":7}},"90":{"start":{"line":290,"column":4},"end":{"line":290,"column":16}},"91":{"start":{"line":297,"column":14},"end":{"line":317,"column":1}},"92":{"start":{"line":298,"column":2},"end":{"line":316,"column":3}},"93":{"start":{"line":299,"column":17},"end":{"line":299,"column":49}},"94":{"start":{"line":301,"column":4},"end":{"line":313,"column":7}},"95":{"start":{"line":315,"column":4},"end":{"line":315,"column":16}},"96":{"start":{"line":319,"column":0},"end":{"line":325,"column":2}}},"fnMap":{"0":{"name":"(anonymous_0)","decl":{"start":{"line":10,"column":20},"end":{"line":10,"column":21}},"loc":{"start":{"line":10,"column":26},"end":{"line":12,"column":1}},"line":10},"1":{"name":"(anonymous_1)","decl":{"start":{"line":17,"column":16},"end":{"line":17,"column":17}},"loc":{"start":{"line":17,"column":42},"end":{"line":87,"column":1}},"line":17},"2":{"name":"(anonymous_2)","decl":{"start":{"line":92,"column":18},"end":{"line":92,"column":19}},"loc":{"start":{"line":92,"column":44},"end":{"line":140,"column":1}},"line":92},"3":{"name":"(anonymous_3)","decl":{"start":{"line":145,"column":17},"end":{"line":145,"column":18}},"loc":{"start":{"line":145,"column":43},"end":{"line":213,"column":1}},"line":145},"4":{"name":"(anonymous_4)","decl":{"start":{"line":184,"column":17},"end":{"line":184,"column":18}},"loc":{"start":{"line":184,"column":29},"end":{"line":195,"column":5}},"line":184},"5":{"name":"(anonymous_5)","decl":{"start":{"line":218,"column":14},"end":{"line":218,"column":15}},"loc":{"start":{"line":218,"column":40},"end":{"line":292,"column":1}},"line":218},"6":{"name":"(anonymous_6)","decl":{"start":{"line":263,"column":17},"end":{"line":263,"column":18}},"loc":{"start":{"line":263,"column":29},"end":{"line":274,"column":5}},"line":263},"7":{"name":"(anonymous_7)","decl":{"start":{"line":297,"column":14},"end":{"line":297,"column":15}},"loc":{"start":{"line":297,"column":40},"end":{"line":317,"column":1}},"line":297}},"branchMap":{"0":{"loc":{"start":{"line":21,"column":4},"end":{"line":26,"column":5}},"type":"if","locations":[{"start":{"line":21,"column":4},"end":{"line":26,"column":5}},{"start":{},"end":{}}],"line":21},"1":{"loc":{"start":{"line":29,"column":4},"end":{"line":34,"column":5}},"type":"if","locations":[{"start":{"line":29,"column":4},"end":{"line":34,"column":5}},{"start":{},"end":{}}],"line":29},"2":{"loc":{"start":{"line":50,"column":6},"end":{"line":62,"column":7}},"type":"if","locations":[{"start":{"line":50,"column":6},"end":{"line":62,"column":7}},{"start":{},"end":{}}],"line":50},"3":{"loc":{"start":{"line":50,"column":10},"end":{"line":50,"column":108}},"type":"binary-expr","locations":[{"start":{"line":50,"column":10},"end":{"line":50,"column":40}},{"start":{"line":50,"column":44},"end":{"line":50,"column":73}},{"start":{"line":50,"column":77},"end":{"line":50,"column":108}}],"line":50},"4":{"loc":{"start":{"line":65,"column":6},"end":{"line":70,"column":7}},"type":"if","locations":[{"start":{"line":65,"column":6},"end":{"line":70,"column":7}},{"start":{},"end":{}}],"line":65},"5":{"loc":{"start":{"line":82,"column":10},"end":{"line":82,"column":59}},"type":"binary-expr","locations":[{"start":{"line":82,"column":10},"end":{"line":82,"column":48}},{"start":{"line":82,"column":52},"end":{"line":82,"column":59}}],"line":82},"6":{"loc":{"start":{"line":96,"column":4},"end":{"line":101,"column":5}},"type":"if","locations":[{"start":{"line":96,"column":4},"end":{"line":101,"column":5}},{"start":{},"end":{}}],"line":96},"7":{"loc":{"start":{"line":96,"column":8},"end":{"line":96,"column":22}},"type":"binary-expr","locations":[{"start":{"line":96,"column":8},"end":{"line":96,"column":14}},{"start":{"line":96,"column":18},"end":{"line":96,"column":22}}],"line":96},"8":{"loc":{"start":{"line":105,"column":4},"end":{"line":110,"column":5}},"type":"if","locations":[{"start":{"line":105,"column":4},"end":{"line":110,"column":5}},{"start":{},"end":{}}],"line":105},"9":{"loc":{"start":{"line":112,"column":4},"end":{"line":118,"column":5}},"type":"if","locations":[{"start":{"line":112,"column":4},"end":{"line":118,"column":5}},{"start":{},"end":{}}],"line":112},"10":{"loc":{"start":{"line":120,"column":4},"end":{"line":125,"column":5}},"type":"if","locations":[{"start":{"line":120,"column":4},"end":{"line":125,"column":5}},{"start":{},"end":{}}],"line":120},"11":{"loc":{"start":{"line":151,"column":4},"end":{"line":156,"column":5}},"type":"if","locations":[{"start":{"line":151,"column":4},"end":{"line":156,"column":5}},{"start":{},"end":{}}],"line":151},"12":{"loc":{"start":{"line":151,"column":8},"end":{"line":151,"column":41}},"type":"binary-expr","locations":[{"start":{"line":151,"column":8},"end":{"line":151,"column":18}},{"start":{"line":151,"column":22},"end":{"line":151,"column":41}}],"line":151},"13":{"loc":{"start":{"line":160,"column":4},"end":{"line":165,"column":5}},"type":"if","locations":[{"start":{"line":160,"column":4},"end":{"line":165,"column":5}},{"start":{},"end":{}}],"line":160},"14":{"loc":{"start":{"line":189,"column":21},"end":{"line":189,"column":59}},"type":"binary-expr","locations":[{"start":{"line":189,"column":21},"end":{"line":189,"column":27}},{"start":{"line":189,"column":31},"end":{"line":189,"column":59}}],"line":189},"15":{"loc":{"start":{"line":223,"column":4},"end":{"line":228,"column":5}},"type":"if","locations":[{"start":{"line":223,"column":4},"end":{"line":228,"column":5}},{"start":{},"end":{}}],"line":223},"16":{"loc":{"start":{"line":223,"column":8},"end":{"line":223,"column":27}},"type":"binary-expr","locations":[{"start":{"line":223,"column":8},"end":{"line":223,"column":14}},{"start":{"line":223,"column":18},"end":{"line":223,"column":27}}],"line":223},"17":{"loc":{"start":{"line":233,"column":4},"end":{"line":238,"column":5}},"type":"if","locations":[{"start":{"line":233,"column":4},"end":{"line":238,"column":5}},{"start":{},"end":{}}],"line":233},"18":{"loc":{"start":{"line":243,"column":4},"end":{"line":248,"column":5}},"type":"if","locations":[{"start":{"line":243,"column":4},"end":{"line":248,"column":5}},{"start":{},"end":{}}],"line":243},"19":{"loc":{"start":{"line":250,"column":4},"end":{"line":255,"column":5}},"type":"if","locations":[{"start":{"line":250,"column":4},"end":{"line":255,"column":5}},{"start":{},"end":{}}],"line":250},"20":{"loc":{"start":{"line":268,"column":21},"end":{"line":268,"column":59}},"type":"binary-expr","locations":[{"start":{"line":268,"column":21},"end":{"line":268,"column":27}},{"start":{"line":268,"column":31},"end":{"line":268,"column":59}}],"line":268}},"s":{"0":4,"1":4,"2":4,"3":4,"4":4,"5":4,"6":3,"7":4,"8":5,"9":5,"10":5,"11":1,"12":4,"13":1,"14":3,"15":3,"16":3,"17":3,"18":3,"19":3,"20":3,"21":3,"22":0,"23":0,"24":0,"25":0,"26":0,"27":0,"28":0,"29":3,"30":3,"31":3,"32":3,"33":3,"34":0,"35":4,"36":2,"37":2,"38":2,"39":1,"40":1,"41":1,"42":0,"43":1,"44":0,"45":0,"46":1,"47":1,"48":0,"49":0,"50":0,"51":4,"52":0,"53":0,"54":0,"55":0,"56":0,"57":0,"58":0,"59":0,"60":0,"61":0,"62":0,"63":0,"64":0,"65":0,"66":0,"67":0,"68":0,"69":0,"70":4,"71":0,"72":0,"73":0,"74":0,"75":0,"76":0,"77":0,"78":0,"79":0,"80":0,"81":0,"82":0,"83":0,"84":0,"85":0,"86":0,"87":0,"88":0,"89":0,"90":0,"91":4,"92":0,"93":0,"94":0,"95":0,"96":4},"f":{"0":3,"1":5,"2":2,"3":0,"4":0,"5":0,"6":0,"7":0},"b":{"0":[1,4],"1":[1,3],"2":[3,0],"3":[3,3,3],"4":[0,0],"5":[3,0],"6":[1,1],"7":[2,2],"8":[0,1],"9":[0,1],"10":[1,0],"11":[0,0],"12":[0,0],"13":[0,0],"14":[0,0],"15":[0,0],"16":[0,0],"17":[0,0],"18":[0,0],"19":[0,0],"20":[0,0]},"_coverageSchema":"1a1c01bbd47fc00a2c39e90264f33305004495a9","hash":"5b8d5c0b36bd79eb52d384811d1d69ded5d8cbc2"}
,"C:\\Users\\Lenovo\\OneDrive - iiitdwd.ac.in\\Desktop\\PRJ_1211\\server\\controllers\\paymentController.js": {"path":"C:\\Users\\Lenovo\\OneDrive - iiitdwd.ac.in\\Desktop\\PRJ_1211\\server\\controllers\\paymentController.js","statementMap":{"0":{"start":{"line":1,"column":17},"end":{"line":1,"column":36}},"1":{"start":{"line":2,"column":17},"end":{"line":2,"column":46}},"2":{"start":{"line":3,"column":12},"end":{"line":3,"column":36}},"3":{"start":{"line":4,"column":13},"end":{"line":4,"column":38}},"4":{"start":{"line":5,"column":15},"end":{"line":5,"column":32}},"5":{"start":{"line":8,"column":18},"end":{"line":8,"column":98}},"6":{"start":{"line":11,"column":15},"end":{"line":11,"column":19}},"7":{"start":{"line":12,"column":0},"end":{"line":19,"column":1}},"8":{"start":{"line":13,"column":2},"end":{"line":16,"column":5}},"9":{"start":{"line":18,"column":2},"end":{"line":18,"column":78}},"10":{"start":{"line":24,"column":20},"end":{"line":100,"column":1}},"11":{"start":{"line":25,"column":2},"end":{"line":99,"column":3}},"12":{"start":{"line":26,"column":22},"end":{"line":26,"column":30}},"13":{"start":{"line":28,"column":16},"end":{"line":28,"column":41}},"14":{"start":{"line":30,"column":4},"end":{"line":35,"column":5}},"15":{"start":{"line":31,"column":6},"end":{"line":34,"column":9}},"16":{"start":{"line":38,"column":17},"end":{"line":38,"column":49}},"17":{"start":{"line":39,"column":25},"end":{"line":41,"column":5}},"18":{"start":{"line":40,"column":16},"end":{"line":40,"column":47}},"19":{"start":{"line":43,"column":4},"end":{"line":48,"column":5}},"20":{"start":{"line":44,"column":6},"end":{"line":47,"column":9}},"21":{"start":{"line":50,"column":20},"end":{"line":58,"column":5}},"22":{"start":{"line":63,"column":4},"end":{"line":73,"column":5}},"23":{"start":{"line":64,"column":6},"end":{"line":64,"column":58}},"24":{"start":{"line":65,"column":6},"end":{"line":69,"column":8}},"25":{"start":{"line":72,"column":6},"end":{"line":72,"column":52}},"26":{"start":{"line":76,"column":21},"end":{"line":84,"column":6}},"27":{"start":{"line":86,"column":4},"end":{"line":96,"column":7}},"28":{"start":{"line":98,"column":4},"end":{"line":98,"column":16}},"29":{"start":{"line":102,"column":22},"end":{"line":182,"column":1}},"30":{"start":{"line":103,"column":2},"end":{"line":181,"column":3}},"31":{"start":{"line":104,"column":87},"end":{"line":104,"column":95}},"32":{"start":{"line":107,"column":4},"end":{"line":136,"column":5}},"33":{"start":{"line":108,"column":6},"end":{"line":108,"column":53}},"34":{"start":{"line":110,"column":23},"end":{"line":110,"column":58}},"35":{"start":{"line":111,"column":6},"end":{"line":116,"column":7}},"36":{"start":{"line":112,"column":8},"end":{"line":115,"column":11}},"37":{"start":{"line":118,"column":6},"end":{"line":118,"column":36}},"38":{"start":{"line":119,"column":6},"end":{"line":119,"column":76}},"39":{"start":{"line":120,"column":6},"end":{"line":120,"column":74}},"40":{"start":{"line":121,"column":6},"end":{"line":121,"column":28}},"41":{"start":{"line":124,"column":19},"end":{"line":124,"column":51}},"42":{"start":{"line":125,"column":6},"end":{"line":128,"column":9}},"43":{"start":{"line":129,"column":6},"end":{"line":129,"column":24}},"44":{"start":{"line":131,"column":6},"end":{"line":135,"column":9}},"45":{"start":{"line":139,"column":32},"end":{"line":142,"column":20}},"46":{"start":{"line":144,"column":4},"end":{"line":149,"column":5}},"47":{"start":{"line":145,"column":6},"end":{"line":148,"column":9}},"48":{"start":{"line":152,"column":21},"end":{"line":152,"column":56}},"49":{"start":{"line":154,"column":4},"end":{"line":159,"column":5}},"50":{"start":{"line":155,"column":6},"end":{"line":158,"column":9}},"51":{"start":{"line":161,"column":4},"end":{"line":161,"column":34}},"52":{"start":{"line":162,"column":4},"end":{"line":162,"column":53}},"53":{"start":{"line":163,"column":4},"end":{"line":163,"column":52}},"54":{"start":{"line":164,"column":4},"end":{"line":164,"column":26}},"55":{"start":{"line":167,"column":17},"end":{"line":167,"column":49}},"56":{"start":{"line":168,"column":4},"end":{"line":171,"column":7}},"57":{"start":{"line":172,"column":4},"end":{"line":172,"column":22}},"58":{"start":{"line":174,"column":4},"end":{"line":178,"column":7}},"59":{"start":{"line":180,"column":4},"end":{"line":180,"column":16}},"60":{"start":{"line":187,"column":25},"end":{"line":201,"column":1}},"61":{"start":{"line":188,"column":2},"end":{"line":200,"column":3}},"62":{"start":{"line":189,"column":22},"end":{"line":191,"column":30}},"63":{"start":{"line":193,"column":4},"end":{"line":197,"column":7}},"64":{"start":{"line":199,"column":4},"end":{"line":199,"column":16}},"65":{"start":{"line":203,"column":0},"end":{"line":207,"column":2}}},"fnMap":{"0":{"name":"(anonymous_0)","decl":{"start":{"line":24,"column":20},"end":{"line":24,"column":21}},"loc":{"start":{"line":24,"column":46},"end":{"line":100,"column":1}},"line":24},"1":{"name":"(anonymous_1)","decl":{"start":{"line":40,"column":6},"end":{"line":40,"column":7}},"loc":{"start":{"line":40,"column":16},"end":{"line":40,"column":47}},"line":40},"2":{"name":"(anonymous_2)","decl":{"start":{"line":102,"column":22},"end":{"line":102,"column":23}},"loc":{"start":{"line":102,"column":48},"end":{"line":182,"column":1}},"line":102},"3":{"name":"(anonymous_3)","decl":{"start":{"line":187,"column":25},"end":{"line":187,"column":26}},"loc":{"start":{"line":187,"column":51},"end":{"line":201,"column":1}},"line":187}},"branchMap":{"0":{"loc":{"start":{"line":8,"column":18},"end":{"line":8,"column":98}},"type":"binary-expr","locations":[{"start":{"line":8,"column":18},"end":{"line":8,"column":46}},{"start":{"line":8,"column":50},"end":{"line":8,"column":98}}],"line":8},"1":{"loc":{"start":{"line":12,"column":0},"end":{"line":19,"column":1}},"type":"if","locations":[{"start":{"line":12,"column":0},"end":{"line":19,"column":1}},{"start":{"line":17,"column":7},"end":{"line":19,"column":1}}],"line":12},"2":{"loc":{"start":{"line":30,"column":4},"end":{"line":35,"column":5}},"type":"if","locations":[{"start":{"line":30,"column":4},"end":{"line":35,"column":5}},{"start":{},"end":{}}],"line":30},"3":{"loc":{"start":{"line":30,"column":8},"end":{"line":30,"column":30}},"type":"binary-expr","locations":[{"start":{"line":30,"column":8},"end":{"line":30,"column":12}},{"start":{"line":30,"column":16},"end":{"line":30,"column":30}}],"line":30},"4":{"loc":{"start":{"line":43,"column":4},"end":{"line":48,"column":5}},"type":"if","locations":[{"start":{"line":43,"column":4},"end":{"line":48,"column":5}},{"start":{},"end":{}}],"line":43},"5":{"loc":{"start":{"line":63,"column":4},"end":{"line":73,"column":5}},"type":"if","locations":[{"start":{"line":63,"column":4},"end":{"line":73,"column":5}},{"start":{"line":70,"column":11},"end":{"line":73,"column":5}}],"line":63},"6":{"loc":{"start":{"line":92,"column":13},"end":{"line":92,"column":68}},"type":"cond-expr","locations":[{"start":{"line":92,"column":25},"end":{"line":92,"column":38}},{"start":{"line":92,"column":41},"end":{"line":92,"column":68}}],"line":92},"7":{"loc":{"start":{"line":107,"column":4},"end":{"line":136,"column":5}},"type":"if","locations":[{"start":{"line":107,"column":4},"end":{"line":136,"column":5}},{"start":{},"end":{}}],"line":107},"8":{"loc":{"start":{"line":107,"column":8},"end":{"line":107,"column":59}},"type":"binary-expr","locations":[{"start":{"line":107,"column":8},"end":{"line":107,"column":17}},{"start":{"line":107,"column":21},"end":{"line":107,"column":59}}],"line":107},"9":{"loc":{"start":{"line":111,"column":6},"end":{"line":116,"column":7}},"type":"if","locations":[{"start":{"line":111,"column":6},"end":{"line":116,"column":7}},{"start":{},"end":{}}],"line":111},"10":{"loc":{"start":{"line":119,"column":35},"end":{"line":119,"column":75}},"type":"binary-expr","locations":[{"start":{"line":119,"column":35},"end":{"line":119,"column":54}},{"start":{"line":119,"column":58},"end":{"line":119,"column":75}}],"line":119},"11":{"loc":{"start":{"line":120,"column":35},"end":{"line":120,"column":73}},"type":"binary-expr","locations":[{"start":{"line":120,"column":35},"end":{"line":120,"column":53}},{"start":{"line":120,"column":57},"end":{"line":120,"column":73}}],"line":120},"12":{"loc":{"start":{"line":144,"column":4},"end":{"line":149,"column":5}},"type":"if","locations":[{"start":{"line":144,"column":4},"end":{"line":149,"column":5}},{"start":{},"end":{}}],"line":144},"13":{"loc":{"start":{"line":154,"column":4},"end":{"line":159,"column":5}},"type":"if","locations":[{"start":{"line":154,"column":4},"end":{"line":159,"column":5}},{"start":{},"end":{}}],"line":154}},"s":{"0":4,"1":4,"2":4,"3":4,"4":4,"5":4,"6":4,"7":4,"8":0,"9":4,"10":4,"11":0,"12":0,"13":0,"14":0,"15":0,"16":0,"17":0,"18":0,"19":0,"20":0,"21":0,"22":0,"23":0,"24":0,"25":0,"26":0,"27":0,"28":0,"29":4,"30":0,"31":0,"32":0,"33":0,"34":0,"35":0,"36":0,"37":0,"38":0,"39":0,"40":0,"41":0,"42":0,"43":0,"44":0,"45":0,"46":0,"47":0,"48":0,"49":0,"50":0,"51":0,"52":0,"53":0,"54":0,"55":0,"56":0,"57":0,"58":0,"59":0,"60":4,"61":0,"62":0,"63":0,"64":0,"65":4},"f":{"0":0,"1":0,"2":0,"3":0},"b":{"0":[4,4],"1":[0,4],"2":[0,0],"3":[0,0],"4":[0,0],"5":[0,0],"6":[0,0],"7":[0,0],"8":[0,0],"9":[0,0],"10":[0,0],"11":[0,0],"12":[0,0],"13":[0,0]},"_coverageSchema":"1a1c01bbd47fc00a2c39e90264f33305004495a9","hash":"9300e1c48e4ccaf133833af40e8cf6b51416a5c7"}
,"C:\\Users\\Lenovo\\OneDrive - iiitdwd.ac.in\\Desktop\\PRJ_1211\\server\\controllers\\pdfController.js": {"path":"C:\\Users\\Lenovo\\OneDrive - iiitdwd.ac.in\\Desktop\\PRJ_1211\\server\\controllers\\pdfController.js","statementMap":{"0":{"start":{"line":1,"column":12},"end":{"line":1,"column":36}},"1":{"start":{"line":2,"column":17},"end":{"line":2,"column":46}},"2":{"start":{"line":3,"column":13},"end":{"line":3,"column":38}},"3":{"start":{"line":4,"column":18},"end":{"line":4,"column":48}},"4":{"start":{"line":5,"column":44},"end":{"line":5,"column":70}},"5":{"start":{"line":6,"column":11},"end":{"line":6,"column":24}},"6":{"start":{"line":7,"column":13},"end":{"line":7,"column":28}},"7":{"start":{"line":12,"column":16},"end":{"line":51,"column":1}},"8":{"start":{"line":13,"column":2},"end":{"line":50,"column":3}},"9":{"start":{"line":14,"column":58},"end":{"line":14,"column":67}},"10":{"start":{"line":17,"column":21},"end":{"line":17,"column":80}},"11":{"start":{"line":20,"column":19},"end":{"line":20,"column":43}},"12":{"start":{"line":21,"column":4},"end":{"line":27,"column":5}},"13":{"start":{"line":22,"column":6},"end":{"line":26,"column":9}},"14":{"start":{"line":30,"column":18},"end":{"line":30,"column":36}},"15":{"start":{"line":32,"column":4},"end":{"line":32,"column":44}},"16":{"start":{"line":32,"column":18},"end":{"line":32,"column":44}},"17":{"start":{"line":33,"column":4},"end":{"line":33,"column":32}},"18":{"start":{"line":33,"column":14},"end":{"line":33,"column":32}},"19":{"start":{"line":34,"column":4},"end":{"line":34,"column":58}},"20":{"start":{"line":34,"column":17},"end":{"line":34,"column":58}},"21":{"start":{"line":35,"column":4},"end":{"line":35,"column":47}},"22":{"start":{"line":35,"column":19},"end":{"line":35,"column":47}},"23":{"start":{"line":36,"column":4},"end":{"line":36,"column":35}},"24":{"start":{"line":36,"column":15},"end":{"line":36,"column":35}},"25":{"start":{"line":38,"column":17},"end":{"line":38,"column":62}},"26":{"start":{"line":41,"column":4},"end":{"line":41,"column":41}},"27":{"start":{"line":43,"column":4},"end":{"line":47,"column":7}},"28":{"start":{"line":49,"column":4},"end":{"line":49,"column":16}},"29":{"start":{"line":56,"column":15},"end":{"line":93,"column":1}},"30":{"start":{"line":57,"column":2},"end":{"line":92,"column":3}},"31":{"start":{"line":58,"column":16},"end":{"line":58,"column":49}},"32":{"start":{"line":60,"column":4},"end":{"line":65,"column":5}},"33":{"start":{"line":61,"column":6},"end":{"line":64,"column":9}},"34":{"start":{"line":68,"column":4},"end":{"line":68,"column":23}},"35":{"start":{"line":69,"column":4},"end":{"line":69,"column":21}},"36":{"start":{"line":72,"column":4},"end":{"line":84,"column":7}},"37":{"start":{"line":73,"column":6},"end":{"line":83,"column":7}},"38":{"start":{"line":74,"column":8},"end":{"line":80,"column":11}},"39":{"start":{"line":82,"column":8},"end":{"line":82,"column":49}},"40":{"start":{"line":86,"column":4},"end":{"line":89,"column":7}},"41":{"start":{"line":91,"column":4},"end":{"line":91,"column":16}},"42":{"start":{"line":98,"column":16},"end":{"line":126,"column":1}},"43":{"start":{"line":99,"column":2},"end":{"line":125,"column":3}},"44":{"start":{"line":100,"column":16},"end":{"line":100,"column":49}},"45":{"start":{"line":102,"column":4},"end":{"line":107,"column":5}},"46":{"start":{"line":103,"column":6},"end":{"line":106,"column":9}},"47":{"start":{"line":109,"column":21},"end":{"line":109,"column":61}},"48":{"start":{"line":111,"column":4},"end":{"line":116,"column":5}},"49":{"start":{"line":112,"column":6},"end":{"line":115,"column":9}},"50":{"start":{"line":118,"column":4},"end":{"line":118,"column":53}},"51":{"start":{"line":119,"column":4},"end":{"line":119,"column":79}},"52":{"start":{"line":121,"column":23},"end":{"line":121,"column":52}},"53":{"start":{"line":122,"column":4},"end":{"line":122,"column":25}},"54":{"start":{"line":124,"column":4},"end":{"line":124,"column":16}},"55":{"start":{"line":131,"column":20},"end":{"line":206,"column":1}},"56":{"start":{"line":132,"column":2},"end":{"line":205,"column":3}},"57":{"start":{"line":133,"column":16},"end":{"line":133,"column":49}},"58":{"start":{"line":135,"column":4},"end":{"line":140,"column":5}},"59":{"start":{"line":136,"column":6},"end":{"line":139,"column":9}},"60":{"start":{"line":143,"column":4},"end":{"line":165,"column":5}},"61":{"start":{"line":144,"column":19},"end":{"line":144,"column":51}},"62":{"start":{"line":146,"column":6},"end":{"line":151,"column":7}},"63":{"start":{"line":147,"column":8},"end":{"line":150,"column":11}},"64":{"start":{"line":153,"column":27},"end":{"line":155,"column":7}},"65":{"start":{"line":154,"column":18},"end":{"line":154,"column":62}},"66":{"start":{"line":157,"column":6},"end":{"line":164,"column":7}},"67":{"start":{"line":158,"column":8},"end":{"line":163,"column":11}},"68":{"start":{"line":167,"column":21},"end":{"line":167,"column":61}},"69":{"start":{"line":169,"column":4},"end":{"line":174,"column":5}},"70":{"start":{"line":170,"column":6},"end":{"line":173,"column":9}},"71":{"start":{"line":177,"column":4},"end":{"line":177,"column":27}},"72":{"start":{"line":178,"column":4},"end":{"line":178,"column":21}},"73":{"start":{"line":181,"column":4},"end":{"line":193,"column":7}},"74":{"start":{"line":182,"column":6},"end":{"line":192,"column":7}},"75":{"start":{"line":183,"column":8},"end":{"line":189,"column":11}},"76":{"start":{"line":191,"column":8},"end":{"line":191,"column":49}},"77":{"start":{"line":195,"column":4},"end":{"line":195,"column":53}},"78":{"start":{"line":196,"column":4},"end":{"line":199,"column":6}},"79":{"start":{"line":201,"column":23},"end":{"line":201,"column":52}},"80":{"start":{"line":202,"column":4},"end":{"line":202,"column":25}},"81":{"start":{"line":204,"column":4},"end":{"line":204,"column":16}},"82":{"start":{"line":211,"column":18},"end":{"line":253,"column":1}},"83":{"start":{"line":212,"column":2},"end":{"line":252,"column":3}},"84":{"start":{"line":213,"column":4},"end":{"line":213,"column":46}},"85":{"start":{"line":214,"column":4},"end":{"line":214,"column":35}},"86":{"start":{"line":215,"column":4},"end":{"line":215,"column":35}},"87":{"start":{"line":217,"column":4},"end":{"line":223,"column":5}},"88":{"start":{"line":218,"column":6},"end":{"line":218,"column":40}},"89":{"start":{"line":219,"column":6},"end":{"line":222,"column":9}},"90":{"start":{"line":225,"column":20},"end":{"line":230,"column":5}},"91":{"start":{"line":232,"column":4},"end":{"line":235,"column":5}},"92":{"start":{"line":233,"column":6},"end":{"line":233,"column":31}},"93":{"start":{"line":234,"column":6},"end":{"line":234,"column":54}},"94":{"start":{"line":237,"column":4},"end":{"line":237,"column":65}},"95":{"start":{"line":238,"column":16},"end":{"line":238,"column":41}},"96":{"start":{"line":239,"column":4},"end":{"line":239,"column":54}},"97":{"start":{"line":242,"column":4},"end":{"line":242,"column":32}},"98":{"start":{"line":244,"column":4},"end":{"line":247,"column":7}},"99":{"start":{"line":249,"column":4},"end":{"line":249,"column":50}},"100":{"start":{"line":250,"column":4},"end":{"line":250,"column":51}},"101":{"start":{"line":251,"column":4},"end":{"line":251,"column":16}},"102":{"start":{"line":258,"column":18},"end":{"line":284,"column":1}},"103":{"start":{"line":259,"column":2},"end":{"line":283,"column":3}},"104":{"start":{"line":260,"column":14},"end":{"line":260,"column":47}},"105":{"start":{"line":262,"column":4},"end":{"line":267,"column":5}},"106":{"start":{"line":263,"column":6},"end":{"line":266,"column":9}},"107":{"start":{"line":269,"column":4},"end":{"line":272,"column":7}},"108":{"start":{"line":275,"column":4},"end":{"line":275,"column":32}},"109":{"start":{"line":277,"column":4},"end":{"line":280,"column":7}},"110":{"start":{"line":282,"column":4},"end":{"line":282,"column":16}},"111":{"start":{"line":289,"column":18},"end":{"line":318,"column":1}},"112":{"start":{"line":290,"column":2},"end":{"line":317,"column":3}},"113":{"start":{"line":291,"column":16},"end":{"line":291,"column":49}},"114":{"start":{"line":293,"column":4},"end":{"line":298,"column":5}},"115":{"start":{"line":294,"column":6},"end":{"line":297,"column":9}},"116":{"start":{"line":301,"column":21},"end":{"line":301,"column":61}},"117":{"start":{"line":302,"column":4},"end":{"line":304,"column":5}},"118":{"start":{"line":303,"column":6},"end":{"line":303,"column":30}},"119":{"start":{"line":306,"column":4},"end":{"line":306,"column":26}},"120":{"start":{"line":309,"column":4},"end":{"line":309,"column":32}},"121":{"start":{"line":311,"column":4},"end":{"line":314,"column":7}},"122":{"start":{"line":316,"column":4},"end":{"line":316,"column":16}},"123":{"start":{"line":320,"column":0},"end":{"line":328,"column":2}}},"fnMap":{"0":{"name":"(anonymous_0)","decl":{"start":{"line":12,"column":16},"end":{"line":12,"column":17}},"loc":{"start":{"line":12,"column":42},"end":{"line":51,"column":1}},"line":12},"1":{"name":"(anonymous_1)","decl":{"start":{"line":56,"column":15},"end":{"line":56,"column":16}},"loc":{"start":{"line":56,"column":41},"end":{"line":93,"column":1}},"line":56},"2":{"name":"(anonymous_2)","decl":{"start":{"line":72,"column":17},"end":{"line":72,"column":18}},"loc":{"start":{"line":72,"column":29},"end":{"line":84,"column":5}},"line":72},"3":{"name":"(anonymous_3)","decl":{"start":{"line":98,"column":16},"end":{"line":98,"column":17}},"loc":{"start":{"line":98,"column":42},"end":{"line":126,"column":1}},"line":98},"4":{"name":"(anonymous_4)","decl":{"start":{"line":131,"column":20},"end":{"line":131,"column":21}},"loc":{"start":{"line":131,"column":46},"end":{"line":206,"column":1}},"line":131},"5":{"name":"(anonymous_5)","decl":{"start":{"line":154,"column":8},"end":{"line":154,"column":9}},"loc":{"start":{"line":154,"column":18},"end":{"line":154,"column":62}},"line":154},"6":{"name":"(anonymous_6)","decl":{"start":{"line":181,"column":17},"end":{"line":181,"column":18}},"loc":{"start":{"line":181,"column":29},"end":{"line":193,"column":5}},"line":181},"7":{"name":"(anonymous_7)","decl":{"start":{"line":211,"column":18},"end":{"line":211,"column":19}},"loc":{"start":{"line":211,"column":44},"end":{"line":253,"column":1}},"line":211},"8":{"name":"(anonymous_8)","decl":{"start":{"line":258,"column":18},"end":{"line":258,"column":19}},"loc":{"start":{"line":258,"column":44},"end":{"line":284,"column":1}},"line":258},"9":{"name":"(anonymous_9)","decl":{"start":{"line":289,"column":18},"end":{"line":289,"column":19}},"loc":{"start":{"line":289,"column":44},"end":{"line":318,"column":1}},"line":289}},"branchMap":{"0":{"loc":{"start":{"line":21,"column":4},"end":{"line":27,"column":5}},"type":"if","locations":[{"start":{"line":21,"column":4},"end":{"line":27,"column":5}},{"start":{},"end":{}}],"line":21},"1":{"loc":{"start":{"line":32,"column":4},"end":{"line":32,"column":44}},"type":"if","locations":[{"start":{"line":32,"column":4},"end":{"line":32,"column":44}},{"start":{},"end":{}}],"line":32},"2":{"loc":{"start":{"line":33,"column":4},"end":{"line":33,"column":32}},"type":"if","locations":[{"start":{"line":33,"column":4},"end":{"line":33,"column":32}},{"start":{},"end":{}}],"line":33},"3":{"loc":{"start":{"line":34,"column":4},"end":{"line":34,"column":58}},"type":"if","locations":[{"start":{"line":34,"column":4},"end":{"line":34,"column":58}},{"start":{},"end":{}}],"line":34},"4":{"loc":{"start":{"line":35,"column":4},"end":{"line":35,"column":47}},"type":"if","locations":[{"start":{"line":35,"column":4},"end":{"line":35,"column":47}},{"start":{},"end":{}}],"line":35},"5":{"loc":{"start":{"line":36,"column":4},"end":{"line":36,"column":35}},"type":"if","locations":[{"start":{"line":36,"column":4},"end":{"line":36,"column":35}},{"start":{},"end":{}}],"line":36},"6":{"loc":{"start":{"line":60,"column":4},"end":{"line":65,"column":5}},"type":"if","locations":[{"start":{"line":60,"column":4},"end":{"line":65,"column":5}},{"start":{},"end":{}}],"line":60},"7":{"loc":{"start":{"line":60,"column":8},"end":{"line":60,"column":29}},"type":"binary-expr","locations":[{"start":{"line":60,"column":8},"end":{"line":60,"column":12}},{"start":{"line":60,"column":16},"end":{"line":60,"column":29}}],"line":60},"8":{"loc":{"start":{"line":76,"column":18},"end":{"line":76,"column":47}},"type":"cond-expr","locations":[{"start":{"line":76,"column":29},"end":{"line":76,"column":40}},{"start":{"line":76,"column":43},"end":{"line":76,"column":47}}],"line":76},"9":{"loc":{"start":{"line":78,"column":21},"end":{"line":78,"column":59}},"type":"binary-expr","locations":[{"start":{"line":78,"column":21},"end":{"line":78,"column":27}},{"start":{"line":78,"column":31},"end":{"line":78,"column":59}}],"line":78},"10":{"loc":{"start":{"line":102,"column":4},"end":{"line":107,"column":5}},"type":"if","locations":[{"start":{"line":102,"column":4},"end":{"line":107,"column":5}},{"start":{},"end":{}}],"line":102},"11":{"loc":{"start":{"line":102,"column":8},"end":{"line":102,"column":29}},"type":"binary-expr","locations":[{"start":{"line":102,"column":8},"end":{"line":102,"column":12}},{"start":{"line":102,"column":16},"end":{"line":102,"column":29}}],"line":102},"12":{"loc":{"start":{"line":111,"column":4},"end":{"line":116,"column":5}},"type":"if","locations":[{"start":{"line":111,"column":4},"end":{"line":116,"column":5}},{"start":{},"end":{}}],"line":111},"13":{"loc":{"start":{"line":135,"column":4},"end":{"line":140,"column":5}},"type":"if","locations":[{"start":{"line":135,"column":4},"end":{"line":140,"column":5}},{"start":{},"end":{}}],"line":135},"14":{"loc":{"start":{"line":135,"column":8},"end":{"line":135,"column":29}},"type":"binary-expr","locations":[{"start":{"line":135,"column":8},"end":{"line":135,"column":12}},{"start":{"line":135,"column":16},"end":{"line":135,"column":29}}],"line":135},"15":{"loc":{"start":{"line":143,"column":4},"end":{"line":165,"column":5}},"type":"if","locations":[{"start":{"line":143,"column":4},"end":{"line":165,"column":5}},{"start":{},"end":{}}],"line":143},"16":{"loc":{"start":{"line":146,"column":6},"end":{"line":151,"column":7}},"type":"if","locations":[{"start":{"line":146,"column":6},"end":{"line":151,"column":7}},{"start":{},"end":{}}],"line":146},"17":{"loc":{"start":{"line":153,"column":27},"end":{"line":155,"column":7}},"type":"binary-expr","locations":[{"start":{"line":153,"column":27},"end":{"line":153,"column":46}},{"start":{"line":153,"column":50},"end":{"line":155,"column":7}}],"line":153},"18":{"loc":{"start":{"line":157,"column":6},"end":{"line":164,"column":7}},"type":"if","locations":[{"start":{"line":157,"column":6},"end":{"line":164,"column":7}},{"start":{},"end":{}}],"line":157},"19":{"loc":{"start":{"line":169,"column":4},"end":{"line":174,"column":5}},"type":"if","locations":[{"start":{"line":169,"column":4},"end":{"line":174,"column":5}},{"start":{},"end":{}}],"line":169},"20":{"loc":{"start":{"line":187,"column":21},"end":{"line":187,"column":59}},"type":"binary-expr","locations":[{"start":{"line":187,"column":21},"end":{"line":187,"column":27}},{"start":{"line":187,"column":31},"end":{"line":187,"column":59}}],"line":187},"21":{"loc":{"start":{"line":217,"column":4},"end":{"line":223,"column":5}},"type":"if","locations":[{"start":{"line":217,"column":4},"end":{"line":223,"column":5}},{"start":{},"end":{}}],"line":217},"22":{"loc":{"start":{"line":232,"column":4},"end":{"line":235,"column":5}},"type":"if","locations":[{"start":{"line":232,"column":4},"end":{"line":235,"column":5}},{"start":{},"end":{}}],"line":232},"23":{"loc":{"start":{"line":234,"column":22},"end":{"line":234,"column":53}},"type":"binary-expr","locations":[{"start":{"line":234,"column":22},"end":{"line":234,"column":48}},{"start":{"line":234,"column":52},"end":{"line":234,"column":53}}],"line":234},"24":{"loc":{"start":{"line":262,"column":4},"end":{"line":267,"column":5}},"type":"if","locations":[{"start":{"line":262,"column":4},"end":{"line":267,"column":5}},{"start":{},"end":{}}],"line":262},"25":{"loc":{"start":{"line":293,"column":4},"end":{"line":298,"column":5}},"type":"if","locations":[{"start":{"line":293,"column":4},"end":{"line":298,"column":5}},{"start":{},"end":{}}],"line":293},"26":{"loc":{"start":{"line":302,"column":4},"end":{"line":304,"column":5}},"type":"if","locations":[{"start":{"line":302,"column":4},"end":{"line":304,"column":5}},{"start":{},"end":{}}],"line":302}},"s":{"0":4,"1":4,"2":4,"3":4,"4":4,"5":4,"6":4,"7":4,"8":6,"9":6,"10":6,"11":6,"12":6,"13":6,"14":0,"15":0,"16":0,"17":0,"18":0,"19":0,"20":0,"21":0,"22":0,"23":0,"24":0,"25":0,"26":0,"27":0,"28":0,"29":4,"30":3,"31":3,"32":2,"33":1,"34":1,"35":1,"36":1,"37":1,"38":1,"39":0,"40":1,"41":1,"42":4,"43":0,"44":0,"45":0,"46":0,"47":0,"48":0,"49":0,"50":0,"51":0,"52":0,"53":0,"54":0,"55":4,"56":0,"57":0,"58":0,"59":0,"60":0,"61":0,"62":0,"63":0,"64":0,"65":0,"66":0,"67":0,"68":0,"69":0,"70":0,"71":0,"72":0,"73":0,"74":0,"75":0,"76":0,"77":0,"78":0,"79":0,"80":0,"81":0,"82":4,"83":0,"84":0,"85":0,"86":0,"87":0,"88":0,"89":0,"90":0,"91":0,"92":0,"93":0,"94":0,"95":0,"96":0,"97":0,"98":0,"99":0,"100":0,"101":0,"102":4,"103":0,"104":0,"105":0,"106":0,"107":0,"108":0,"109":0,"110":0,"111":4,"112":0,"113":0,"114":0,"115":0,"116":0,"117":0,"118":0,"119":0,"120":0,"121":0,"122":0,"123":4},"f":{"0":6,"1":3,"2":1,"3":0,"4":0,"5":0,"6":0,"7":0,"8":0,"9":0},"b":{"0":[6,0],"1":[0,0],"2":[0,0],"3":[0,0],"4":[0,0],"5":[0,0],"6":[1,1],"7":[2,1],"8":[0,1],"9":[1,0],"10":[0,0],"11":[0,0],"12":[0,0],"13":[0,0],"14":[0,0],"15":[0,0],"16":[0,0],"17":[0,0],"18":[0,0],"19":[0,0],"20":[0,0],"21":[0,0],"22":[0,0],"23":[0,0],"24":[0,0],"25":[0,0],"26":[0,0]},"_coverageSchema":"1a1c01bbd47fc00a2c39e90264f33305004495a9","hash":"12afde396c90e9f51bea5b094d389cebed5b998d"}
,"C:\\Users\\Lenovo\\OneDrive - iiitdwd.ac.in\\Desktop\\PRJ_1211\\server\\models\\Analytics.js": {"path":"C:\\Users\\Lenovo\\OneDrive - iiitdwd.ac.in\\Desktop\\PRJ_1211\\server\\models\\Analytics.js","statementMap":{"0":{"start":{"line":1,"column":17},"end":{"line":1,"column":36}},"1":{"start":{"line":3,"column":24},"end":{"line":46,"column":1}},"2":{"start":{"line":49,"column":0},"end":{"line":49,"column":50}},"3":{"start":{"line":50,"column":0},"end":{"line":50,"column":52}},"4":{"start":{"line":51,"column":0},"end":{"line":51,"column":51}},"5":{"start":{"line":52,"column":0},"end":{"line":52,"column":41}},"6":{"start":{"line":54,"column":0},"end":{"line":54,"column":62}}},"fnMap":{},"branchMap":{},"s":{"0":4,"1":4,"2":4,"3":4,"4":4,"5":4,"6":4},"f":{},"b":{},"_coverageSchema":"1a1c01bbd47fc00a2c39e90264f33305004495a9","hash":"c6c8c9bced435b77f8d0765a711ba89904943a36"}
,"C:\\Users\\Lenovo\\OneDrive - iiitdwd.ac.in\\Desktop\\PRJ_1211\\server\\models\\PDF.js": {"path":"C:\\Users\\Lenovo\\OneDrive - iiitdwd.ac.in\\Desktop\\PRJ_1211\\server\\models\\PDF.js","statementMap":{"0":{"start":{"line":1,"column":17},"end":{"line":1,"column":36}},"1":{"start":{"line":3,"column":18},"end":{"line":74,"column":1}},"2":{"start":{"line":77,"column":0},"end":{"line":77,"column":54}},"3":{"start":{"line":78,"column":0},"end":{"line":78,"column":78}},"4":{"start":{"line":79,"column":0},"end":{"line":79,"column":34}},"5":{"start":{"line":80,"column":0},"end":{"line":80,"column":35}},"6":{"start":{"line":82,"column":0},"end":{"line":82,"column":50}}},"fnMap":{},"branchMap":{},"s":{"0":4,"1":4,"2":4,"3":4,"4":4,"5":4,"6":4},"f":{},"b":{},"_coverageSchema":"1a1c01bbd47fc00a2c39e90264f33305004495a9","hash":"f67510c2c04df1a0e2cd9287004a3cfefce62886"}
,"C:\\Users\\Lenovo\\OneDrive - iiitdwd.ac.in\\Desktop\\PRJ_1211\\server\\models\\Purchase.js": {"path":"C:\\Users\\Lenovo\\OneDrive - iiitdwd.ac.in\\Desktop\\PRJ_1211\\server\\models\\Purchase.js","statementMap":{"0":{"start":{"line":1,"column":17},"end":{"line":1,"column":36}},"1":{"start":{"line":3,"column":23},"end":{"line":45,"column":1}},"2":{"start":{"line":48,"column":0},"end":{"line":48,"column":42}},"3":{"start":{"line":49,"column":0},"end":{"line":49,"column":39}},"4":{"start":{"line":50,"column":0},"end":{"line":50,"column":37}},"5":{"start":{"line":51,"column":0},"end":{"line":51,"column":36}},"6":{"start":{"line":53,"column":0},"end":{"line":53,"column":60}}},"fnMap":{},"branchMap":{},"s":{"0":4,"1":4,"2":4,"3":4,"4":4,"5":4,"6":4},"f":{},"b":{},"_coverageSchema":"1a1c01bbd47fc00a2c39e90264f33305004495a9","hash":"5040786e48dcfdc765423858af1d95e41dc5b477"}
,"C:\\Users\\Lenovo\\OneDrive - iiitdwd.ac.in\\Desktop\\PRJ_1211\\server\\models\\User.js": {"path":"C:\\Users\\Lenovo\\OneDrive - iiitdwd.ac.in\\Desktop\\PRJ_1211\\server\\models\\User.js","statementMap":{"0":{"start":{"line":1,"column":17},"end":{"line":1,"column":36}},"1":{"start":{"line":2,"column":15},"end":{"line":2,"column":34}},"2":{"start":{"line":4,"column":19},"end":{"line":64,"column":1}},"3":{"start":{"line":67,"column":0},"end":{"line":67,"column":31}},"4":{"start":{"line":68,"column":0},"end":{"line":68,"column":31}},"5":{"start":{"line":69,"column":0},"end":{"line":69,"column":48}},"6":{"start":{"line":72,"column":0},"end":{"line":79,"column":3}},"7":{"start":{"line":73,"column":2},"end":{"line":75,"column":3}},"8":{"start":{"line":74,"column":4},"end":{"line":74,"column":18}},"9":{"start":{"line":76,"column":15},"end":{"line":76,"column":39}},"10":{"start":{"line":77,"column":2},"end":{"line":77,"column":57}},"11":{"start":{"line":78,"column":2},"end":{"line":78,"column":9}},"12":{"start":{"line":82,"column":0},"end":{"line":84,"column":2}},"13":{"start":{"line":83,"column":2},"end":{"line":83,"column":64}},"14":{"start":{"line":86,"column":0},"end":{"line":86,"column":52}}},"fnMap":{"0":{"name":"(anonymous_0)","decl":{"start":{"line":72,"column":23},"end":{"line":72,"column":24}},"loc":{"start":{"line":72,"column":45},"end":{"line":79,"column":1}},"line":72},"1":{"name":"(anonymous_1)","decl":{"start":{"line":82,"column":37},"end":{"line":82,"column":38}},"loc":{"start":{"line":82,"column":72},"end":{"line":84,"column":1}},"line":82}},"branchMap":{"0":{"loc":{"start":{"line":73,"column":2},"end":{"line":75,"column":3}},"type":"if","locations":[{"start":{"line":73,"column":2},"end":{"line":75,"column":3}},{"start":{},"end":{}}],"line":73}},"s":{"0":4,"1":4,"2":4,"3":4,"4":4,"5":4,"6":4,"7":0,"8":0,"9":0,"10":0,"11":0,"12":4,"13":0,"14":4},"f":{"0":0,"1":0},"b":{"0":[0,0]},"_coverageSchema":"1a1c01bbd47fc00a2c39e90264f33305004495a9","hash":"b8e3d50afcf42e9671bdd5c66ca8cd0d2798f0a2"}
,"C:\\Users\\Lenovo\\OneDrive - iiitdwd.ac.in\\Desktop\\PRJ_1211\\server\\routes\\analytics.js": {"path":"C:\\Users\\Lenovo\\OneDrive - iiitdwd.ac.in\\Desktop\\PRJ_1211\\server\\routes\\analytics.js","statementMap":{"0":{"start":{"line":1,"column":16},"end":{"line":1,"column":34}},"1":{"start":{"line":2,"column":15},"end":{"line":2,"column":31}},"2":{"start":{"line":6,"column":4},"end":{"line":6,"column":49}},"3":{"start":{"line":7,"column":31},"end":{"line":7,"column":60}},"4":{"start":{"line":9,"column":0},"end":{"line":9,"column":77}},"5":{"start":{"line":10,"column":0},"end":{"line":10,"column":75}},"6":{"start":{"line":12,"column":0},"end":{"line":12,"column":24}}},"fnMap":{},"branchMap":{},"s":{"0":4,"1":4,"2":4,"3":4,"4":4,"5":4,"6":4},"f":{},"b":{},"_coverageSchema":"1a1c01bbd47fc00a2c39e90264f33305004495a9","hash":"cf038640099204689204c57b88d9729b1363ff78"}
,"C:\\Users\\Lenovo\\OneDrive - iiitdwd.ac.in\\Desktop\\PRJ_1211\\server\\routes\\auth.js": {"path":"C:\\Users\\Lenovo\\OneDrive - iiitdwd.ac.in\\Desktop\\PRJ_1211\\server\\routes\\auth.js","statementMap":{"0":{"start":{"line":1,"column":16},"end":{"line":1,"column":34}},"1":{"start":{"line":2,"column":15},"end":{"line":2,"column":31}},"2":{"start":{"line":9,"column":4},"end":{"line":9,"column":44}},"3":{"start":{"line":10,"column":20},"end":{"line":10,"column":49}},"4":{"start":{"line":11,"column":17},"end":{"line":11,"column":45}},"5":{"start":{"line":14,"column":25},"end":{"line":23,"column":1}},"6":{"start":{"line":25,"column":22},"end":{"line":30,"column":1}},"7":{"start":{"line":32,"column":20},"end":{"line":39,"column":1}},"8":{"start":{"line":41,"column":0},"end":{"line":47,"column":2}},"9":{"start":{"line":48,"column":0},"end":{"line":48,"column":51}},"10":{"start":{"line":49,"column":0},"end":{"line":49,"column":53}},"11":{"start":{"line":50,"column":0},"end":{"line":50,"column":44}},"12":{"start":{"line":51,"column":0},"end":{"line":51,"column":34}},"13":{"start":{"line":53,"column":0},"end":{"line":53,"column":24}}},"fnMap":{},"branchMap":{},"s":{"0":4,"1":4,"2":4,"3":4,"4":4,"5":4,"6":4,"7":4,"8":4,"9":4,"10":4,"11":4,"12":4,"13":4},"f":{},"b":{},"_coverageSchema":"1a1c01bbd47fc00a2c39e90264f33305004495a9","hash":"ed4b7c46430975d0c6e49fada3cdccf91e6fe861"}
,"C:\\Users\\Lenovo\\OneDrive - iiitdwd.ac.in\\Desktop\\PRJ_1211\\server\\routes\\payments.js": {"path":"C:\\Users\\Lenovo\\OneDrive - iiitdwd.ac.in\\Desktop\\PRJ_1211\\server\\routes\\payments.js","statementMap":{"0":{"start":{"line":1,"column":16},"end":{"line":1,"column":34}},"1":{"start":{"line":2,"column":15},"end":{"line":2,"column":31}},"2":{"start":{"line":7,"column":4},"end":{"line":7,"column":47}},"3":{"start":{"line":8,"column":20},"end":{"line":8,"column":49}},"4":{"start":{"line":10,"column":0},"end":{"line":10,"column":51}},"5":{"start":{"line":11,"column":0},"end":{"line":11,"column":47}},"6":{"start":{"line":12,"column":0},"end":{"line":12,"column":52}},"7":{"start":{"line":14,"column":0},"end":{"line":14,"column":24}}},"fnMap":{},"branchMap":{},"s":{"0":4,"1":4,"2":4,"3":4,"4":4,"5":4,"6":4,"7":4},"f":{},"b":{},"_coverageSchema":"1a1c01bbd47fc00a2c39e90264f33305004495a9","hash":"c575ff6a6419eab57c6c20382cfe041e9b80f718"}
,"C:\\Users\\Lenovo\\OneDrive - iiitdwd.ac.in\\Desktop\\PRJ_1211\\server\\routes\\pdfs.js": {"path":"C:\\Users\\Lenovo\\OneDrive - iiitdwd.ac.in\\Desktop\\PRJ_1211\\server\\routes\\pdfs.js","statementMap":{"0":{"start":{"line":1,"column":16},"end":{"line":1,"column":34}},"1":{"start":{"line":2,"column":15},"end":{"line":2,"column":31}},"2":{"start":{"line":11,"column":4},"end":{"line":11,"column":43}},"3":{"start":{"line":12,"column":31},"end":{"line":12,"column":60}},"4":{"start":{"line":13,"column":15},"end":{"line":13,"column":46}},"5":{"start":{"line":15,"column":0},"end":{"line":15,"column":98}},"6":{"start":{"line":16,"column":0},"end":{"line":16,"column":124}},"7":{"start":{"line":17,"column":0},"end":{"line":17,"column":39}},"8":{"start":{"line":18,"column":0},"end":{"line":18,"column":56}},"9":{"start":{"line":20,"column":0},"end":{"line":20,"column":24}}},"fnMap":{},"branchMap":{},"s":{"0":4,"1":4,"2":4,"3":4,"4":4,"5":4,"6":4,"7":4,"8":4,"9":4},"f":{},"b":{},"_coverageSchema":"1a1c01bbd47fc00a2c39e90264f33305004495a9","hash":"e711d42c5ccedb30836631394af1b4eaf846d061"}
}
