TN:
SF:controllers\analyticsController.js
FN:9,(anonymous_0)
FN:219,(anonymous_1)
FNF:2
FNH:0
FNDA:0,(anonymous_0)
FNDA:0,(anonymous_1)
DA:1,4
DA:2,4
DA:3,4
DA:4,4
DA:9,4
DA:10,0
DA:11,0
DA:12,0
DA:15,0
DA:16,0
DA:17,0
DA:24,0
DA:25,0
DA:26,0
DA:27,0
DA:28,0
DA:32,0
DA:38,0
DA:44,0
DA:50,0
DA:56,0
DA:62,0
DA:68,0
DA:110,0
DA:152,0
DA:153,0
DA:155,0
DA:183,0
DA:186,0
DA:188,0
DA:205,0
DA:207,0
DA:212,0
DA:219,4
DA:220,0
DA:221,0
DA:222,0
DA:224,0
DA:228,0
DA:236,0
DA:244,0
DA:248,4
LF:42
LH:7
BRDA:16,0,0,0
BRDA:16,0,1,0
BRDA:25,1,0,0
BRDA:25,1,1,0
BRDA:25,2,0,0
BRDA:25,2,1,0
BRDA:27,3,0,0
BRDA:27,3,1,0
BRDA:28,4,0,0
BRDA:28,4,1,0
BRF:10
BRH:0
end_of_record
TN:
SF:controllers\authController.js
FN:10,(anonymous_0)
FN:17,(anonymous_1)
FN:92,(anonymous_2)
FN:145,(anonymous_3)
FN:184,(anonymous_4)
FN:218,(anonymous_5)
FN:263,(anonymous_6)
FN:297,(anonymous_7)
FNF:8
FNH:3
FNDA:3,(anonymous_0)
FNDA:5,(anonymous_1)
FNDA:2,(anonymous_2)
FNDA:0,(anonymous_3)
FNDA:0,(anonymous_4)
FNDA:0,(anonymous_5)
FNDA:0,(anonymous_6)
FNDA:0,(anonymous_7)
DA:1,4
DA:2,4
DA:3,4
DA:4,4
DA:7,4
DA:10,4
DA:11,3
DA:17,4
DA:18,5
DA:19,5
DA:21,5
DA:22,1
DA:29,4
DA:30,1
DA:37,3
DA:40,3
DA:46,3
DA:48,3
DA:50,3
DA:51,3
DA:52,3
DA:54,3
DA:60,0
DA:61,0
DA:65,0
DA:66,0
DA:67,0
DA:68,0
DA:69,0
DA:72,3
DA:73,3
DA:74,3
DA:75,3
DA:78,3
DA:85,0
DA:92,4
DA:93,2
DA:94,2
DA:96,2
DA:97,1
DA:103,1
DA:105,1
DA:106,0
DA:112,1
DA:113,0
DA:114,0
DA:120,1
DA:121,1
DA:128,0
DA:133,0
DA:138,0
DA:145,4
DA:146,0
DA:147,0
DA:150,0
DA:151,0
DA:152,0
DA:159,0
DA:160,0
DA:161,0
DA:168,0
DA:176,0
DA:178,0
DA:181,0
DA:184,0
DA:185,0
DA:186,0
DA:193,0
DA:197,0
DA:211,0
DA:218,4
DA:219,0
DA:220,0
DA:223,0
DA:224,0
DA:231,0
DA:233,0
DA:234,0
DA:241,0
DA:243,0
DA:244,0
DA:250,0
DA:251,0
DA:257,0
DA:260,0
DA:263,0
DA:264,0
DA:265,0
DA:272,0
DA:276,0
DA:290,0
DA:297,4
DA:298,0
DA:299,0
DA:301,0
DA:315,0
DA:319,4
LF:97
LH:41
BRDA:21,0,0,1
BRDA:21,0,1,4
BRDA:29,1,0,1
BRDA:29,1,1,3
BRDA:50,2,0,3
BRDA:50,2,1,0
BRDA:50,3,0,3
BRDA:50,3,1,3
BRDA:50,3,2,3
BRDA:65,4,0,0
BRDA:65,4,1,0
BRDA:82,5,0,3
BRDA:82,5,1,0
BRDA:96,6,0,1
BRDA:96,6,1,1
BRDA:96,7,0,2
BRDA:96,7,1,2
BRDA:105,8,0,0
BRDA:105,8,1,1
BRDA:112,9,0,0
BRDA:112,9,1,1
BRDA:120,10,0,1
BRDA:120,10,1,0
BRDA:151,11,0,0
BRDA:151,11,1,0
BRDA:151,12,0,0
BRDA:151,12,1,0
BRDA:160,13,0,0
BRDA:160,13,1,0
BRDA:189,14,0,0
BRDA:189,14,1,0
BRDA:223,15,0,0
BRDA:223,15,1,0
BRDA:223,16,0,0
BRDA:223,16,1,0
BRDA:233,17,0,0
BRDA:233,17,1,0
BRDA:243,18,0,0
BRDA:243,18,1,0
BRDA:250,19,0,0
BRDA:250,19,1,0
BRDA:268,20,0,0
BRDA:268,20,1,0
BRF:43
BRH:16
end_of_record
TN:
SF:controllers\paymentController.js
FN:24,(anonymous_0)
FN:40,(anonymous_1)
FN:102,(anonymous_2)
FN:187,(anonymous_3)
FNF:4
FNH:0
FNDA:0,(anonymous_0)
FNDA:0,(anonymous_1)
FNDA:0,(anonymous_2)
FNDA:0,(anonymous_3)
DA:1,4
DA:2,4
DA:3,4
DA:4,4
DA:5,4
DA:8,4
DA:11,4
DA:12,4
DA:13,0
DA:18,4
DA:24,4
DA:25,0
DA:26,0
DA:28,0
DA:30,0
DA:31,0
DA:38,0
DA:39,0
DA:40,0
DA:43,0
DA:44,0
DA:50,0
DA:63,0
DA:64,0
DA:65,0
DA:72,0
DA:76,0
DA:86,0
DA:98,0
DA:102,4
DA:103,0
DA:104,0
DA:107,0
DA:108,0
DA:110,0
DA:111,0
DA:112,0
DA:118,0
DA:119,0
DA:120,0
DA:121,0
DA:124,0
DA:125,0
DA:129,0
DA:131,0
DA:139,0
DA:144,0
DA:145,0
DA:152,0
DA:154,0
DA:155,0
DA:161,0
DA:162,0
DA:163,0
DA:164,0
DA:167,0
DA:168,0
DA:172,0
DA:174,0
DA:180,0
DA:187,4
DA:188,0
DA:189,0
DA:193,0
DA:199,0
DA:203,4
LF:66
LH:13
BRDA:8,0,0,4
BRDA:8,0,1,4
BRDA:12,1,0,0
BRDA:12,1,1,4
BRDA:30,2,0,0
BRDA:30,2,1,0
BRDA:30,3,0,0
BRDA:30,3,1,0
BRDA:43,4,0,0
BRDA:43,4,1,0
BRDA:63,5,0,0
BRDA:63,5,1,0
BRDA:92,6,0,0
BRDA:92,6,1,0
BRDA:107,7,0,0
BRDA:107,7,1,0
BRDA:107,8,0,0
BRDA:107,8,1,0
BRDA:111,9,0,0
BRDA:111,9,1,0
BRDA:119,10,0,0
BRDA:119,10,1,0
BRDA:120,11,0,0
BRDA:120,11,1,0
BRDA:144,12,0,0
BRDA:144,12,1,0
BRDA:154,13,0,0
BRDA:154,13,1,0
BRF:28
BRH:3
end_of_record
TN:
SF:controllers\pdfController.js
FN:12,(anonymous_0)
FN:56,(anonymous_1)
FN:72,(anonymous_2)
FN:98,(anonymous_3)
FN:131,(anonymous_4)
FN:154,(anonymous_5)
FN:181,(anonymous_6)
FN:211,(anonymous_7)
FN:258,(anonymous_8)
FN:289,(anonymous_9)
FNF:10
FNH:3
FNDA:6,(anonymous_0)
FNDA:3,(anonymous_1)
FNDA:1,(anonymous_2)
FNDA:0,(anonymous_3)
FNDA:0,(anonymous_4)
FNDA:0,(anonymous_5)
FNDA:0,(anonymous_6)
FNDA:0,(anonymous_7)
FNDA:0,(anonymous_8)
FNDA:0,(anonymous_9)
DA:1,4
DA:2,4
DA:3,4
DA:4,4
DA:5,4
DA:6,4
DA:7,4
DA:12,4
DA:13,6
DA:14,6
DA:17,6
DA:20,6
DA:21,6
DA:22,6
DA:30,0
DA:32,0
DA:33,0
DA:34,0
DA:35,0
DA:36,0
DA:38,0
DA:41,0
DA:43,0
DA:49,0
DA:56,4
DA:57,3
DA:58,3
DA:60,2
DA:61,1
DA:68,1
DA:69,1
DA:72,1
DA:73,1
DA:74,1
DA:82,0
DA:86,1
DA:91,1
DA:98,4
DA:99,0
DA:100,0
DA:102,0
DA:103,0
DA:109,0
DA:111,0
DA:112,0
DA:118,0
DA:119,0
DA:121,0
DA:122,0
DA:124,0
DA:131,4
DA:132,0
DA:133,0
DA:135,0
DA:136,0
DA:143,0
DA:144,0
DA:146,0
DA:147,0
DA:153,0
DA:154,0
DA:157,0
DA:158,0
DA:167,0
DA:169,0
DA:170,0
DA:177,0
DA:178,0
DA:181,0
DA:182,0
DA:183,0
DA:191,0
DA:195,0
DA:196,0
DA:201,0
DA:202,0
DA:204,0
DA:211,4
DA:212,0
DA:213,0
DA:214,0
DA:215,0
DA:217,0
DA:218,0
DA:219,0
DA:225,0
DA:232,0
DA:233,0
DA:234,0
DA:237,0
DA:238,0
DA:239,0
DA:242,0
DA:244,0
DA:249,0
DA:250,0
DA:251,0
DA:258,4
DA:259,0
DA:260,0
DA:262,0
DA:263,0
DA:269,0
DA:275,0
DA:277,0
DA:282,0
DA:289,4
DA:290,0
DA:291,0
DA:293,0
DA:294,0
DA:301,0
DA:302,0
DA:303,0
DA:306,0
DA:309,0
DA:311,0
DA:316,0
DA:320,4
LF:119
LH:32
BRDA:21,0,0,6
BRDA:21,0,1,0
BRDA:32,1,0,0
BRDA:32,1,1,0
BRDA:33,2,0,0
BRDA:33,2,1,0
BRDA:34,3,0,0
BRDA:34,3,1,0
BRDA:35,4,0,0
BRDA:35,4,1,0
BRDA:36,5,0,0
BRDA:36,5,1,0
BRDA:60,6,0,1
BRDA:60,6,1,1
BRDA:60,7,0,2
BRDA:60,7,1,1
BRDA:76,8,0,0
BRDA:76,8,1,1
BRDA:78,9,0,1
BRDA:78,9,1,0
BRDA:102,10,0,0
BRDA:102,10,1,0
BRDA:102,11,0,0
BRDA:102,11,1,0
BRDA:111,12,0,0
BRDA:111,12,1,0
BRDA:135,13,0,0
BRDA:135,13,1,0
BRDA:135,14,0,0
BRDA:135,14,1,0
BRDA:143,15,0,0
BRDA:143,15,1,0
BRDA:146,16,0,0
BRDA:146,16,1,0
BRDA:153,17,0,0
BRDA:153,17,1,0
BRDA:157,18,0,0
BRDA:157,18,1,0
BRDA:169,19,0,0
BRDA:169,19,1,0
BRDA:187,20,0,0
BRDA:187,20,1,0
BRDA:217,21,0,0
BRDA:217,21,1,0
BRDA:232,22,0,0
BRDA:232,22,1,0
BRDA:234,23,0,0
BRDA:234,23,1,0
BRDA:262,24,0,0
BRDA:262,24,1,0
BRDA:293,25,0,0
BRDA:293,25,1,0
BRDA:302,26,0,0
BRDA:302,26,1,0
BRF:54
BRH:7
end_of_record
TN:
SF:models\Analytics.js
FNF:0
FNH:0
DA:1,4
DA:3,4
DA:49,4
DA:50,4
DA:51,4
DA:52,4
DA:54,4
LF:7
LH:7
BRF:0
BRH:0
end_of_record
TN:
SF:models\PDF.js
FNF:0
FNH:0
DA:1,4
DA:3,4
DA:77,4
DA:78,4
DA:79,4
DA:80,4
DA:82,4
LF:7
LH:7
BRF:0
BRH:0
end_of_record
TN:
SF:models\Purchase.js
FNF:0
FNH:0
DA:1,4
DA:3,4
DA:48,4
DA:49,4
DA:50,4
DA:51,4
DA:53,4
LF:7
LH:7
BRF:0
BRH:0
end_of_record
TN:
SF:models\User.js
FN:72,(anonymous_0)
FN:82,(anonymous_1)
FNF:2
FNH:0
FNDA:0,(anonymous_0)
FNDA:0,(anonymous_1)
DA:1,4
DA:2,4
DA:4,4
DA:67,4
DA:68,4
DA:69,4
DA:72,4
DA:73,0
DA:74,0
DA:76,0
DA:77,0
DA:78,0
DA:82,4
DA:83,0
DA:86,4
LF:15
LH:9
BRDA:73,0,0,0
BRDA:73,0,1,0
BRF:2
BRH:0
end_of_record
TN:
SF:routes\analytics.js
FNF:0
FNH:0
DA:1,4
DA:2,4
DA:6,4
DA:7,4
DA:9,4
DA:10,4
DA:12,4
LF:7
LH:7
BRF:0
BRH:0
end_of_record
TN:
SF:routes\auth.js
FNF:0
FNH:0
DA:1,4
DA:2,4
DA:9,4
DA:10,4
DA:11,4
DA:14,4
DA:25,4
DA:32,4
DA:41,4
DA:48,4
DA:49,4
DA:50,4
DA:51,4
DA:53,4
LF:14
LH:14
BRF:0
BRH:0
end_of_record
TN:
SF:routes\payments.js
FNF:0
FNH:0
DA:1,4
DA:2,4
DA:7,4
DA:8,4
DA:10,4
DA:11,4
DA:12,4
DA:14,4
LF:8
LH:8
BRF:0
BRH:0
end_of_record
TN:
SF:routes\pdfs.js
FNF:0
FNH:0
DA:1,4
DA:2,4
DA:11,4
DA:12,4
DA:13,4
DA:15,4
DA:16,4
DA:17,4
DA:18,4
DA:20,4
LF:10
LH:10
BRF:0
BRH:0
end_of_record
